 packet capture 2021/12/15 08:26:01 Logs for 2021-12-15 08:26:01.925197095 +0300 EAT m=+0.005699767
 packet capture 2021/12/15 11:44:34 Logs for 2021-12-15 11:44:34.051897353 +0300 EAT m=+0.005868546
 packet capture 2021/12/15 12:12:02 Logs for 2021-12-15 12:12:02.480303481 +0300 EAT m=+0.007471113
 packet capture 2021/12/15 12:21:25 Logs for 2021-12-15 12:21:25.11859424 +0300 EAT m=+0.005957524
 packet capture 2021/12/15 12:29:31 Logs for 2021-12-15 12:29:31.334225934 +0300 EAT m=+0.005857564
 packet capture 2021/12/15 12:30:25 Public IP found latitude and longitude 0.0.0.0
 packet capture 2021/12/15 12:30:26 The public ip is located at:  	 city: 	 and is serviced by: 
 packet capture 2021/12/15 12:30:26 Public IP found latitude and longitude 95.216.195.133
 packet capture 2021/12/15 12:30:26 The public ip is located at: Finland 	 city:Helsinki 	 and is serviced by: Hetzner Online GmbH
 packet capture 2023/08/13 10:10:55 Logs for 2023-08-13 10:10:49.98823243 +0300 EAT m=+0.002915842
 packet capture 2023/08/13 10:10:55 wlp3s0: You don't have permission to perform this capture on that device (socket: Operation not permitted)
 packet capture 2023/08/13 10:12:43 Logs for 2023-08-13 10:12:43.132757603 +0300 EAT m=+0.002898983
 packet capture 2023/08/13 10:12:43 wlp3s0: You don't have permission to perform this capture on that device (socket: Operation not permitted)
 packet capture 2023/08/13 10:14:19 Logs for 2023-08-13 10:14:19.428124178 +0300 EAT m=+0.002965239
 packet capture 2023/08/13 10:14:19 wlp3s0: No such device exists (No such device exists)
 packet capture 2023/08/13 10:15:56 Logs for 2023-08-13 10:15:56.155080048 +0300 EAT m=+0.003474339
 packet capture 2023/08/13 10:15:56 wlp3s0: No such device exists (No such device exists)
 packet capture 2023/08/13 10:15:59 Logs for 2023-08-13 10:15:59.079988387 +0300 EAT m=+0.004187025
 packet capture 2023/08/13 10:15:59 wlp3s0: No such device exists (No such device exists)
 packet capture 2023/08/13 11:31:49 Logs for 2023-08-13 11:31:49.201849572 +0300 EAT m=+0.004181367
 packet capture 2023/08/13 11:31:49 wlp3s0: No such device exists (No such device exists)
 packet capture 2023/08/13 11:32:15 Logs for 2023-08-13 11:32:15.643763664 +0300 EAT m=+0.003566919
 packet capture 2023/08/13 11:32:15 wlp3s0: No such device exists (No such device exists)
 packet capture 2023/08/13 11:32:45 Logs for 2023-08-13 11:32:45.518064606 +0300 EAT m=+0.005806733
 packet capture 2023/08/13 11:32:46 Public IP found latitude and longitude 52.209.112.33
 packet capture 2023/08/13 11:32:47 The public ip is located at: Ireland 	 city:Dublin 	 and is serviced by: Amazon.com, Inc.
 packet capture 2023/08/13 11:32:47 Public IP found latitude and longitude 192.124.249.22
 packet capture 2023/08/13 11:32:47 The public ip is located at: United States 	 city:Menifee 	 and is serviced by: Sucuri
 packet capture 2023/08/13 11:32:47 Public IP found latitude and longitude 185.235.86.37
 packet capture 2023/08/13 11:32:47 The public ip is located at: France 	 city:Paris 	 and is serviced by: Criteo Technology SAS
 packet capture 2023/08/13 11:32:47 Public IP found latitude and longitude 185.235.86.37
 packet capture 2023/08/13 11:32:47 The public ip is located at: France 	 city:Paris 	 and is serviced by: Criteo Technology SAS
